Arguments: 
  /usr/local/Cellar/node/19.4.0_1/bin/node /usr/local/Cellar/yarn/1.22.19/libexec/bin/yarn.js run dev

PATH: 
  /usr/local/opt/postgresql@15/bin:/Users/youngsukim/.rbenv/shims:/Users/youngsukim/.rbenv/bin:/Users/youngsukim/Library/pnpm:/usr/local/bin:/System/Cryptexes/App/usr/bin:/usr/bin:/bin:/usr/sbin:/sbin:/Library/Apple/usr/bin

Yarn version: 
  1.22.19

Node version: 
  19.4.0

Platform: 
  darwin x64

Trace: 
  SyntaxError: /Users/youngsukim/nestjs-server/packages/health-frontend/package.json: Expected double-quoted property name in JSON at position 372
      at JSON.parse (<anonymous>)
      at /usr/local/Cellar/yarn/1.22.19/libexec/lib/cli.js:1629:59
      at Generator.next (<anonymous>)
      at step (/usr/local/Cellar/yarn/1.22.19/libexec/lib/cli.js:310:30)
      at /usr/local/Cellar/yarn/1.22.19/libexec/lib/cli.js:321:13

npm manifest: 
  {
    "name": "my-app",
    "version": "0.1.0",
    "private": true,
    "scripts": {
      "dev": "next dev",
      "build": "next build",
      "start": "next start",
      "lint": "next lint"
    },
    "dependencies": {
      "@next/font": "13.1.6",
      "@types/react": "18.0.27",
      "@types/react-dom": "18.0.10",
      "next": "13.1.6",
      "react": "18.2.0",
      "react-dom": "18.2.0",
    }
  }

yarn manifest: 
  No manifest

Lockfile: 
  No lockfile
